c:\users\yasuo\of_v0.10.0_vs2017_release\addons\ofxgui\src\ofxguigroup.obj
c:\users\yasuo\of_v0.10.0_vs2017_release\addons\ofxgui\src\ofxinputfield.obj
c:\users\yasuo\of_v0.10.0_vs2017_release\addons\ofxgui\src\ofxbutton.obj
c:\users\yasuo\of_v0.10.0_vs2017_release\addons\ofxgui\src\ofxslidergroup.obj
c:\users\yasuo\of_v0.10.0_vs2017_release\addons\ofxgui\src\ofxpanel.obj
c:\users\yasuo\of_v0.10.0_vs2017_release\addons\ofxgui\src\ofxtoggle.obj
c:\users\yasuo\of_v0.10.0_vs2017_release\addons\ofxgui\src\ofxbasegui.obj
c:\users\yasuo\of_v0.10.0_vs2017_release\addons\ofxgui\src\ofxlabel.obj
c:\users\yasuo\of_v0.10.0_vs2017_release\addons\ofxgui\src\ofxslider.obj
c:\users\yasuo\of_v0.10.0_vs2017_release\addons\ofxgui\src\ofxcolorpicker.obj
c:\users\yasuo\desktop\works\of\splinetube\obj\debug\src\main.obj
c:\users\yasuo\desktop\works\of\splinetube\obj\debug\src\tube.obj
c:\users\yasuo\desktop\works\of\splinetube\obj\debug\src\spline.obj
c:\users\yasuo\desktop\works\of\splinetube\obj\debug\src\ofapp.obj
c:\users\yasuo\desktop\works\of\splinetube\obj\debug\vc141.pdb
c:\users\yasuo\desktop\works\of\splinetube\bin\splinetube_debug.exe
c:\users\yasuo\desktop\works\of\splinetube\bin\splinetube_debug.ilk
c:\users\yasuo\desktop\works\of\splinetube\bin\splinetube_debug.pdb
c:\users\yasuo\desktop\works\of\splinetube\obj\debug\icon.res
c:\users\yasuo\desktop\works\of\splinetube\bin\splinetube_debug.lib
c:\users\yasuo\desktop\works\of\splinetube\bin\splinetube_debug.exp
c:\users\yasuo\desktop\works\of\splinetube\obj\debug\splinetube.tlog\cl.command.1.tlog
c:\users\yasuo\desktop\works\of\splinetube\obj\debug\splinetube.tlog\cl.read.1.tlog
c:\users\yasuo\desktop\works\of\splinetube\obj\debug\splinetube.tlog\cl.write.1.tlog
c:\users\yasuo\desktop\works\of\splinetube\obj\debug\splinetube.tlog\link.command.1.tlog
c:\users\yasuo\desktop\works\of\splinetube\obj\debug\splinetube.tlog\link.read.1.tlog
c:\users\yasuo\desktop\works\of\splinetube\obj\debug\splinetube.tlog\link.write.1.tlog
c:\users\yasuo\desktop\works\of\splinetube\obj\debug\splinetube.tlog\rc.command.1.tlog
c:\users\yasuo\desktop\works\of\splinetube\obj\debug\splinetube.tlog\rc.read.1.tlog
c:\users\yasuo\desktop\works\of\splinetube\obj\debug\splinetube.tlog\rc.write.1.tlog
c:\users\yasuo\desktop\works\of\splinetube\obj\debug\splinetube.tlog\splinetube.write.1u.tlog
